\BOOKMARK [1][-]{section.1}{\376\377\000A\000b\000s\000t\000r\000a\000c\000t}{}% 1
\BOOKMARK [1][-]{section.2}{\376\377\000A\000c\000k\000n\000o\000w\000l\000e\000d\000g\000m\000e\000n\000t\000s}{}% 2
\BOOKMARK [1][-]{section.3}{\376\377\000I\000n\000t\000r\000o\000d\000u\000c\000t\000i\000o\000n}{}% 3
\BOOKMARK [1][-]{section.4}{\376\377\000T\000h\000e\000o\000r\000e\000t\000i\000c\000a\000l\000\040\000B\000a\000c\000k\000g\000r\000o\000u\000n\000d}{}% 4
\BOOKMARK [2][-]{subsection.4.1}{\376\377\000U\000n\000c\000o\000n\000v\000e\000n\000t\000i\000o\000n\000a\000l\000\040\000s\000u\000p\000e\000r\000c\000o\000n\000d\000u\000c\000t\000i\000v\000i\000t\000y}{section.4}% 5
\BOOKMARK [3][-]{subsubsection.4.1.1}{\376\377\000S\000p\000i\000n\000-\000f\000l\000u\000c\000t\000u\000a\000t\000i\000o\000n\000\040\000m\000e\000d\000i\000a\000t\000e\000d\000\040\000s\000u\000p\000e\000r\000c\000o\000n\000d\000u\000c\000t\000i\000v\000i\000t\000y}{subsection.4.1}% 6
\BOOKMARK [2][-]{subsection.4.2}{\376\377\000H\000u\000b\000b\000a\000r\000d\000-\000K\000a\000n\000a\000m\000o\000r\000i\000\040\000M\000o\000d\000e\000l}{section.4}% 7
\BOOKMARK [3][-]{subsubsection.4.2.1}{\376\377\000T\000i\000g\000h\000t\000\040\000b\000i\000n\000d\000i\000n\000g\000\040\000M\000o\000d\000e\000l\000s}{subsection.4.2}% 8
\BOOKMARK [3][-]{subsubsection.4.2.2}{\376\377\000H\000u\000b\000b\000a\000r\000d\000\040\000M\000o\000d\000e\000l}{subsection.4.2}% 9
\BOOKMARK [3][-]{subsubsection.4.2.3}{\376\377\000H\000u\000b\000b\000a\000r\000d\000-\000K\000a\000n\000a\000m\000o\000r\000i\000\040\000M\000o\000d\000e\000l}{subsection.4.2}% 10
\BOOKMARK [2][-]{subsection.4.3}{\376\377\000F\000u\000n\000c\000t\000i\000o\000n\000a\000l\000\040\000R\000e\000n\000o\000r\000m\000a\000l\000i\000z\000a\000t\000i\000o\000n\000\040\000G\000r\000o\000u\000p\000\040\000\050\000F\000R\000G\000\051\000\040\000t\000h\000e\000o\000r\000y}{section.4}% 11
\BOOKMARK [3][-]{subsubsection.4.3.1}{\376\377\000F\000l\000o\000w\000\040\000e\000q\000u\000a\000t\000i\000o\000n}{subsection.4.3}% 12
\BOOKMARK [3][-]{subsubsection.4.3.2}{\376\377\000T\000r\000u\000n\000c\000a\000t\000i\000o\000n\000\040\000s\000c\000h\000e\000m\000e\000\040\000\050\000T\000U\0002\000F\000R\000G\000\051}{subsection.4.3}% 13
\BOOKMARK [3][-]{subsubsection.4.3.3}{\376\377\000D\000e\000c\000o\000u\000p\000l\000i\000n\000g\000\040\000o\000f\000\040\000f\000l\000o\000w\000\040\000e\000q\000u\000a\000t\000i\000o\000n}{subsection.4.3}% 14
\BOOKMARK [3][-]{subsubsection.4.3.4}{\376\377\000I\000n\000s\000t\000a\000b\000i\000l\000i\000t\000y\000\040\000c\000a\000l\000c\000u\000l\000a\000t\000i\000o\000n}{subsection.4.3}% 15
\BOOKMARK [1][-]{section.5}{\376\377\000C\000o\000m\000p\000u\000t\000a\000t\000i\000o\000n\000a\000l\000\040\000M\000e\000t\000h\000o\000d\000s}{}% 16
\BOOKMARK [2][-]{subsection.5.1}{\376\377\000d\000i\000v\000E\000R\000G\000e}{section.5}% 17
\BOOKMARK [2][-]{subsection.5.2}{\376\377\000C\000o\000n\000v\000e\000r\000g\000e\000n\000c\000e\000\040\000o\000f\000\040\000C\000a\000l\000c\000u\000l\000a\000t\000i\000o\000n}{section.5}% 18
\BOOKMARK [3][-]{subsubsection.5.2.1}{\376\377\000F\000o\000r\000m\000\040\000f\000a\000c\000t\000o\000r\000\040\000c\000o\000n\000v\000e\000r\000g\000e\000n\000c\000e}{subsection.5.2}% 19
\BOOKMARK [3][-]{subsubsection.5.2.2}{\376\377\000C\000o\000n\000v\000e\000r\000g\000e\000n\000c\000e\000\040\000w\000i\000t\000h\000\040\000n\000u\000m\000b\000e\000r\000\040\000o\000f\000\040\000k\000\040\000p\000o\000i\000n\000t\000s\000\040}{subsection.5.2}% 20
\BOOKMARK [1][-]{section.6}{\376\377\000R\000e\000s\000u\000l\000t\000s\000\040\000a\000n\000d\000\040\000d\000i\000s\000c\000u\000s\000s\000i\000o\000n}{}% 21
\BOOKMARK [2][-]{subsection.6.1}{\376\377\000N\000e\000a\000r\000e\000s\000t\000-\000n\000e\000i\000g\000h\000b\000o\000u\000r\000\040\0002\000D\000\040\000H\000u\000b\000b\000a\000r\000d\000\040\000M\000o\000d\000e\000l\000\040\000o\000n\000\040\000a\000\040\000s\000q\000u\000a\000r\000e\000\040\000l\000a\000t\000t\000i\000c\000e\000\040\000\050\0001\000N\000N\000\051}{section.6}% 22
\BOOKMARK [3][-]{subsubsection.6.1.1}{\376\377\000S\000u\000p\000e\000r\000c\000o\000n\000d\000u\000c\000t\000i\000v\000i\000t\000y\000\040\000i\000n\000\040\000t\000h\000e\000\040\0001\000N\000N\000\040\000M\000o\000d\000e\000l}{subsection.6.1}% 23
\BOOKMARK [3][-]{subsubsection.6.1.2}{\376\377\000M\000a\000g\000n\000e\000t\000i\000c\000\040\000s\000t\000r\000i\000p\000e\000s\000\040\000i\000n\000\040\000t\000h\000e\000\040\0001\000N\000N\000\040\000M\000o\000d\000e\000l}{subsection.6.1}% 24
\BOOKMARK [2][-]{subsection.6.2}{\376\377\000E\000f\000f\000e\000c\000t\000\040\000o\000f\000\040\000n\000e\000x\000t\000-\000n\000e\000a\000r\000e\000s\000t\000\040\000n\000e\000i\000g\000h\000b\000o\000u\000r\000\040\000h\000o\000p\000p\000i\000n\000g\000\040\000\050\0001\000N\000N\000N\000\040\000m\000o\000d\000e\000l\000\051}{section.6}% 25
\BOOKMARK [3][-]{subsubsection.6.2.1}{\376\377\000S\000u\000p\000e\000r\000c\000o\000n\000d\000u\000c\000t\000i\000v\000i\000t\000y\000\040\000i\000n\000\040\000t\000h\000e\000\040\0001\000N\000N\000N\000\040\000M\000o\000d\000e\000l}{subsection.6.2}% 26
\BOOKMARK [3][-]{subsubsection.6.2.2}{\376\377\000M\000a\000g\000n\000e\000t\000i\000c\000\040\000s\000t\000r\000i\000p\000e\000s\000\040\000i\000n\000\040\000t\000h\000e\000\040\0001\000N\000N\000N\000\040\000m\000o\000d\000e\000l}{subsection.6.2}% 27
\BOOKMARK [3][-]{subsubsection.6.2.3}{\376\377\000C\000o\000n\000t\000i\000n\000u\000o\000u\000s\000\040\000v\000a\000r\000i\000a\000t\000i\000o\000n\000\040\000o\000f\000\040\000n\000e\000x\000t\000-\000n\000e\000a\000r\000e\000s\000t\000\040\000n\000e\000i\000g\000h\000b\000o\000u\000r\000\040\000h\000o\000p\000p\000i\000n\000g}{subsection.6.2}% 28
\BOOKMARK [2][-]{subsection.6.3}{\376\377\000E\000f\000f\000e\000c\000t\000\040\000o\000f\000\040\000b\000i\000-\000o\000r\000b\000i\000t\000a\000l\000\040\000s\000y\000s\000t\000e\000m\000\040\000\050\0001\000N\000N\0002\000\040\000m\000o\000d\000e\000l\000\051}{section.6}% 29
\BOOKMARK [1][-]{section.7}{\376\377\000C\000o\000n\000c\000l\000u\000s\000i\000o\000n\000\040\000a\000n\000d\000\040\000O\000u\000t\000l\000o\000o\000k}{}% 30
\BOOKMARK [1][-]{appendix.A}{\376\377\000A\000p\000p\000e\000n\000d\000i\000x\000\040\000A}{}% 31
